<?xml version="1.0" encoding="UTF-8"?>
<testsuite xmlns:xsi="http://www.w3.org/2001/XMLSchema-instance" xsi:noNamespaceSchemaLocation="https://maven.apache.org/surefire/maven-surefire-plugin/xsd/surefire-test-report-3.0.xsd" version="3.0" name="com.practice.navigatorbackend.NavigatorBackendApplicationTests" time="7.755" tests="1" errors="0" skipped="0" failures="0">
  <properties>
[...]
</properties>
  <testcase name="contextLoads" classname="com.practice.navigatorbackend.NavigatorBackendApplicationTests" time="0.831">
    <system-out><![CDATA[
  .   ____          _            __ _ _
 /\\ / ___'_ __ _ _(_)_ __  __ _ \ \ \ \
( ( )\___ | '_ | '_| | '_ \/ _` | \ \ \ \
 \\/  ___)| |_)| | | | | || (_| |  ) ) ) )
  '  |____| .__|_| |_|_| |_\__, | / / / /
 =========|_|==============|___/=/_/_/_/

 :: Spring Boot ::                (v3.3.1)

2024-07-21T21:07:36.042+01:00  INFO 12068 --- [Navigator-backend] [           main] c.p.n.NavigatorBackendApplicationTests   : Starting NavigatorBackendApplicationTests using Java 17.0.11 with PID 12068 (started by avigh in C:\Users\avigh\Desktop\Navigator app\PhysicalNav)
2024-07-21T21:07:36.050+01:00  INFO 12068 --- [Navigator-backend] [           main] c.p.n.NavigatorBackendApplicationTests   : No active profile set, falling back to 1 default profile: "default"
2024-07-21T21:07:37.094+01:00  INFO 12068 --- [Navigator-backend] [           main] .s.d.r.c.RepositoryConfigurationDelegate : Multiple Spring Data modules found, entering strict repository configuration mode
2024-07-21T21:07:37.095+01:00  INFO 12068 --- [Navigator-backend] [           main] .s.d.r.c.RepositoryConfigurationDelegate : Bootstrapping Spring Data JDBC repositories in DEFAULT mode.
2024-07-21T21:07:37.141+01:00  INFO 12068 --- [Navigator-backend] [           main] .RepositoryConfigurationExtensionSupport : Spring Data JDBC - Could not safely identify store assignment for repository candidate interface com.navigatorbackend.repository.UserRepository; If you want this repository to be a JDBC repository, consider annotating your entities with one of these annotations: org.springframework.data.relational.core.mapping.Table.
2024-07-21T21:07:37.145+01:00  INFO 12068 --- [Navigator-backend] [           main] .RepositoryConfigurationExtensionSupport : Spring Data JDBC - Could not safely identify store assignment for repository candidate interface com.navigatorbackend.repository.WalkRepository; If you want this repository to be a JDBC repository, consider annotating your entities with one of these annotations: org.springframework.data.relational.core.mapping.Table.
2024-07-21T21:07:37.146+01:00  INFO 12068 --- [Navigator-backend] [           main] .s.d.r.c.RepositoryConfigurationDelegate : Finished Spring Data repository scanning in 42 ms. Found 0 JDBC repository interfaces.
2024-07-21T21:07:37.161+01:00  INFO 12068 --- [Navigator-backend] [           main] .s.d.r.c.RepositoryConfigurationDelegate : Multiple Spring Data modules found, entering strict repository configuration mode
2024-07-21T21:07:37.163+01:00  INFO 12068 --- [Navigator-backend] [           main] .s.d.r.c.RepositoryConfigurationDelegate : Bootstrapping Spring Data JPA repositories in DEFAULT mode.
2024-07-21T21:07:37.211+01:00  INFO 12068 --- [Navigator-backend] [           main] .s.d.r.c.RepositoryConfigurationDelegate : Finished Spring Data repository scanning in 41 ms. Found 2 JPA repository interfaces.
2024-07-21T21:07:37.822+01:00  INFO 12068 --- [Navigator-backend] [           main] o.hibernate.jpa.internal.util.LogHelper  : HHH000204: Processing PersistenceUnitInfo [name: default]
2024-07-21T21:07:37.928+01:00  INFO 12068 --- [Navigator-backend] [           main] org.hibernate.Version                    : HHH000412: Hibernate ORM core version 6.5.2.Final
2024-07-21T21:07:37.988+01:00  INFO 12068 --- [Navigator-backend] [           main] o.h.c.internal.RegionFactoryInitiator    : HHH000026: Second-level cache disabled
2024-07-21T21:07:38.580+01:00  INFO 12068 --- [Navigator-backend] [           main] o.s.o.j.p.SpringPersistenceUnitInfo      : No LoadTimeWeaver setup: ignoring JPA class transformer
2024-07-21T21:07:38.620+01:00  INFO 12068 --- [Navigator-backend] [           main] com.zaxxer.hikari.HikariDataSource       : HikariPool-1 - Starting...
2024-07-21T21:07:38.934+01:00  INFO 12068 --- [Navigator-backend] [           main] com.zaxxer.hikari.pool.HikariPool        : HikariPool-1 - Added connection org.postgresql.jdbc.PgConnection@38732372
2024-07-21T21:07:38.937+01:00  INFO 12068 --- [Navigator-backend] [           main] com.zaxxer.hikari.HikariDataSource       : HikariPool-1 - Start completed.
2024-07-21T21:07:39.006+01:00  WARN 12068 --- [Navigator-backend] [           main] org.hibernate.orm.deprecation            : HHH90000025: PostgreSQLDialect does not need to be specified explicitly using 'hibernate.dialect' (remove the property setting and it will be selected by default)
2024-07-21T21:07:40.472+01:00  INFO 12068 --- [Navigator-backend] [           main] o.h.e.t.j.p.i.JtaPlatformInitiator       : HHH000489: No JTA platform available (set 'hibernate.transaction.jta.platform' to enable JTA platform integration)
Hibernate: alter table if exists walk drop constraint if exists FK4lbrih2448uanjto7dp4gnjxw
2024-07-21T21:07:40.504+01:00  WARN 12068 --- [Navigator-backend] [           main] o.h.engine.jdbc.spi.SqlExceptionHelper   : SQL Warning Code: 0, SQLState: 00000
2024-07-21T21:07:40.505+01:00  WARN 12068 --- [Navigator-backend] [           main] o.h.engine.jdbc.spi.SqlExceptionHelper   : relation "walk" does not exist, skipping
Hibernate: drop table if exists user_model cascade
2024-07-21T21:07:40.506+01:00  WARN 12068 --- [Navigator-backend] [           main] o.h.engine.jdbc.spi.SqlExceptionHelper   : SQL Warning Code: 0, SQLState: 00000
2024-07-21T21:07:40.507+01:00  WARN 12068 --- [Navigator-backend] [           main] o.h.engine.jdbc.spi.SqlExceptionHelper   : table "user_model" does not exist, skipping
Hibernate: drop table if exists walk cascade
2024-07-21T21:07:40.507+01:00  WARN 12068 --- [Navigator-backend] [           main] o.h.engine.jdbc.spi.SqlExceptionHelper   : SQL Warning Code: 0, SQLState: 00000
2024-07-21T21:07:40.508+01:00  WARN 12068 --- [Navigator-backend] [           main] o.h.engine.jdbc.spi.SqlExceptionHelper   : table "walk" does not exist, skipping
Hibernate: drop sequence if exists user_sequence
2024-07-21T21:07:40.509+01:00  WARN 12068 --- [Navigator-backend] [           main] o.h.engine.jdbc.spi.SqlExceptionHelper   : SQL Warning Code: 0, SQLState: 00000
2024-07-21T21:07:40.509+01:00  WARN 12068 --- [Navigator-backend] [           main] o.h.engine.jdbc.spi.SqlExceptionHelper   : sequence "user_sequence" does not exist, skipping
Hibernate: create sequence user_sequence start with 1 increment by 1
Hibernate: create table user_model (id bigint not null, email varchar(255), primary key (id))
Hibernate: create table walk (id integer generated by default as identity, user_id bigint, end_lat varchar(255), end_lon varchar(255), start_lat varchar(255), start_lon varchar(255), primary key (id))
Hibernate: alter table if exists walk add constraint FK4lbrih2448uanjto7dp4gnjxw foreign key (user_id) references user_model
2024-07-21T21:07:40.581+01:00  INFO 12068 --- [Navigator-backend] [           main] j.LocalContainerEntityManagerFactoryBean : Initialized JPA EntityManagerFactory for persistence unit 'default'
2024-07-21T21:07:41.099+01:00  WARN 12068 --- [Navigator-backend] [           main] JpaBaseConfiguration$JpaWebConfiguration : spring.jpa.open-in-view is enabled by default. Therefore, database queries may be performed during view rendering. Explicitly configure spring.jpa.open-in-view to disable this warning
2024-07-21T21:07:41.783+01:00  INFO 12068 --- [Navigator-backend] [           main] c.p.n.NavigatorBackendApplicationTests   : Started NavigatorBackendApplicationTests in 6.13 seconds (process running for 7.849)
]]></system-out>
  </testcase>
</testsuite>